SF:lib\l10n\strings.dart
DA:4,1
DA:8,3
DA:10,2
DA:11,0
DA:12,0
DA:13,0
DA:14,0
DA:15,0
DA:16,0
DA:19,0
DA:20,0
DA:23,0
DA:24,0
DA:26,0
DA:27,0
DA:28,0
DA:29,0
DA:30,0
DA:31,0
DA:32,0
DA:34,0
DA:36,2
DA:37,0
DA:40,0
DA:43,0
DA:45,0
DA:46,0
LF:27
LH:4
end_of_record
SF:lib\screens\home_screen.dart
DA:19,1
DA:36,1
DA:37,1
DA:43,3
DA:45,3
DA:47,3
DA:49,1
DA:51,1
DA:52,2
DA:53,2
DA:54,2
DA:55,2
DA:56,2
DA:57,4
DA:59,3
DA:60,2
DA:61,2
DA:64,0
DA:66,0
DA:67,0
DA:71,0
DA:72,0
DA:75,0
DA:76,0
DA:77,0
DA:79,0
DA:83,0
DA:84,0
DA:87,0
DA:88,0
DA:91,1
DA:92,1
DA:93,2
DA:96,0
DA:97,0
DA:98,0
DA:100,0
DA:101,0
DA:103,0
DA:104,0
DA:105,0
DA:106,0
DA:109,0
DA:110,0
DA:111,0
DA:113,0
DA:114,0
DA:115,0
DA:116,0
DA:118,0
DA:119,0
DA:120,0
DA:121,0
DA:122,0
DA:129,0
DA:130,0
DA:134,0
DA:135,0
DA:136,0
DA:138,0
DA:139,0
DA:142,0
DA:143,0
DA:144,0
DA:147,0
DA:148,0
DA:150,0
DA:151,0
DA:152,0
DA:159,1
DA:161,2
DA:162,3
DA:163,2
DA:164,1
DA:167,1
DA:169,2
DA:181,1
DA:182,1
DA:183,1
DA:184,1
DA:185,1
DA:187,1
DA:188,1
DA:189,1
DA:190,1
DA:191,1
DA:192,1
DA:194,1
DA:195,1
DA:196,1
DA:197,2
DA:198,1
DA:199,0
DA:204,1
DA:207,1
DA:208,1
DA:209,2
DA:211,0
DA:213,0
DA:214,0
DA:215,0
DA:216,0
DA:218,0
DA:221,0
DA:223,0
DA:224,0
DA:225,0
DA:227,0
DA:228,0
DA:229,0
DA:230,0
DA:232,0
DA:233,0
DA:234,0
DA:235,0
DA:246,1
DA:249,1
DA:250,1
DA:251,2
DA:253,0
DA:254,0
DA:255,0
DA:256,0
DA:258,0
DA:261,0
DA:263,0
DA:264,0
DA:265,0
DA:266,0
LF:129
LH:51
end_of_record
SF:lib\services\notification_prefs.dart
DA:4,2
DA:11,3
DA:13,3
DA:15,1
DA:16,2
DA:19,1
DA:20,2
LF:7
LH:7
end_of_record
SF:lib\services\notification_service.dart
DA:16,0
DA:17,0
DA:19,0
DA:20,0
DA:23,0
DA:24,0
DA:27,0
DA:30,0
DA:31,0
DA:32,0
DA:36,0
DA:43,0
DA:44,0
DA:53,0
DA:54,0
DA:64,0
DA:65,0
DA:66,0
DA:69,0
DA:77,0
DA:78,0
DA:86,0
DA:96,0
DA:105,0
DA:107,0
DA:108,0
DA:116,0
DA:127,0
DA:134,0
DA:136,0
DA:137,0
DA:145,0
LF:32
LH:0
end_of_record
SF:lib\services\timer_prefs.dart
DA:4,2
DA:11,2
DA:12,4
DA:13,2
DA:16,1
DA:17,3
DA:20,1
DA:21,2
DA:22,0
DA:23,0
DA:26,0
DA:27,0
DA:30,0
DA:31,0
LF:14
LH:8
end_of_record
SF:lib\services\usage_store.dart
DA:8,1
DA:16,0
DA:17,0
DA:18,0
DA:19,0
DA:20,0
DA:21,0
DA:23,0
DA:24,0
DA:25,0
DA:28,0
DA:29,0
DA:30,0
DA:31,0
DA:33,0
DA:35,0
DA:37,0
DA:41,0
DA:42,0
DA:43,0
LF:20
LH:1
end_of_record
SF:lib\widgets\dot_menu_button.dart
DA:6,1
DA:19,1
DA:21,1
DA:22,1
DA:23,1
DA:26,1
DA:28,1
DA:29,1
DA:30,1
DA:31,1
DA:32,1
DA:33,4
DA:43,1
DA:47,1
DA:50,1
DA:51,1
DA:52,1
DA:53,1
DA:55,1
DA:57,1
DA:58,2
DA:59,1
DA:61,1
DA:62,1
DA:64,1
DA:65,2
DA:66,1
DA:69,3
DA:70,3
DA:76,2
DA:77,2
DA:78,2
DA:79,1
DA:85,1
DA:87,1
DA:90,1
DA:91,1
DA:92,3
DA:93,1
DA:94,3
DA:95,1
DA:100,1
DA:102,1
DA:105,1
DA:106,1
DA:107,3
DA:108,1
DA:109,3
DA:110,1
DA:115,2
DA:116,2
DA:117,2
DA:118,1
DA:120,3
DA:124,2
DA:125,2
DA:126,2
DA:127,1
DA:129,3
LF:59
LH:59
end_of_record
SF:lib\l10n\strings_formatters.dart
DA:4,0
DA:5,0
DA:6,0
DA:7,0
DA:8,0
DA:13,0
DA:16,0
DA:18,0
DA:19,0
DA:20,0
DA:21,0
DA:22,0
DA:23,0
DA:24,0
DA:25,0
DA:26,0
DA:27,0
DA:29,0
LF:18
LH:0
end_of_record
SF:lib\l10n\strings_plurals.dart
DA:4,0
DA:5,0
DA:6,0
DA:7,0
DA:8,0
DA:9,0
DA:15,0
DA:16,0
DA:17,0
DA:18,0
DA:19,0
DA:20,0
DA:21,0
DA:23,0
LF:14
LH:0
end_of_record
SF:lib\screens\analytics_screen.dart
DA:11,0
DA:20,0
DA:21,0
DA:25,0
DA:27,0
DA:28,0
DA:30,0
DA:31,0
DA:32,0
DA:33,0
DA:34,0
DA:35,0
DA:37,0
DA:40,0
DA:41,0
DA:42,0
DA:43,0
DA:44,0
DA:45,0
DA:47,0
DA:51,0
DA:52,0
DA:53,0
DA:54,0
DA:55,0
DA:61,0
DA:62,0
DA:63,0
DA:65,0
DA:66,0
DA:67,0
DA:68,0
DA:69,0
DA:70,0
DA:72,0
DA:74,0
DA:76,0
DA:77,0
DA:79,0
DA:83,0
DA:84,0
DA:85,0
DA:89,0
DA:90,0
DA:92,0
DA:100,0
DA:112,0
DA:124,0
DA:126,0
DA:127,0
DA:128,0
DA:139,0
DA:140,0
DA:141,0
DA:142,0
DA:143,0
DA:144,0
DA:145,0
DA:153,0
DA:155,0
DA:156,0
DA:158,0
DA:159,0
DA:160,0
DA:161,0
DA:162,0
DA:168,0
DA:169,0
DA:170,0
DA:171,0
DA:172,0
DA:173,0
DA:174,0
DA:181,0
DA:182,0
DA:183,0
DA:184,0
DA:185,0
DA:186,0
DA:191,0
DA:192,0
DA:193,0
DA:194,0
DA:195,0
DA:205,0
DA:213,0
DA:215,0
DA:220,0
DA:221,0
DA:222,0
DA:224,0
DA:227,0
DA:229,0
DA:231,0
DA:232,0
DA:233,0
DA:234,0
DA:239,0
DA:240,0
DA:241,0
DA:245,0
DA:246,0
DA:248,0
DA:250,0
DA:251,0
DA:253,0
DA:254,0
DA:259,0
DA:260,0
DA:261,0
DA:262,0
DA:263,0
DA:264,0
DA:265,0
DA:266,0
DA:267,0
DA:269,0
DA:279,0
DA:291,0
DA:293,0
DA:294,0
DA:297,0
DA:301,0
DA:303,0
DA:306,0
DA:308,0
DA:309,0
DA:311,0
DA:312,0
DA:313,0
DA:314,0
DA:315,0
DA:316,0
DA:318,0
DA:320,0
DA:321,0
DA:327,0
DA:328,0
DA:329,0
DA:330,0
DA:331,0
DA:344,0
DA:354,0
DA:356,0
DA:360,0
DA:362,0
DA:363,0
DA:364,0
DA:365,0
DA:366,0
DA:370,0
DA:371,0
DA:372,0
DA:373,0
DA:376,0
DA:377,0
DA:381,0
DA:382,0
DA:383,0
DA:384,0
DA:385,0
DA:387,0
DA:388,0
DA:389,0
DA:390,0
DA:391,0
DA:395,0
DA:396,0
DA:397,0
DA:398,0
DA:400,0
DA:401,0
DA:402,0
DA:403,0
DA:404,0
DA:408,0
DA:409,0
DA:410,0
DA:411,0
LF:179
LH:0
end_of_record
SF:lib\models\usage_stats.dart
DA:4,2
DA:23,1
DA:24,1
DA:26,1
DA:27,2
DA:28,4
DA:29,3
DA:32,1
DA:33,5
DA:34,1
DA:35,5
DA:37,1
DA:38,1
DA:40,4
DA:41,2
DA:45,1
DA:46,1
DA:48,1
DA:49,1
DA:50,2
DA:51,1
DA:54,0
DA:55,0
DA:56,0
DA:57,0
DA:58,0
DA:65,1
DA:66,1
DA:67,4
DA:70,1
DA:71,1
DA:72,1
DA:73,1
DA:74,1
DA:75,1
DA:80,0
DA:81,0
DA:82,0
DA:83,0
DA:84,0
DA:85,0
DA:86,0
DA:90,0
DA:91,0
DA:92,0
DA:93,0
DA:94,0
DA:95,0
DA:96,0
DA:101,0
DA:102,0
DA:103,0
LF:52
LH:30
end_of_record
SF:lib\ui\layout.dart
DA:7,1
DA:24,1
DA:25,1
DA:26,2
DA:27,1
DA:28,1
DA:29,1
DA:30,1
DA:34,3
DA:35,3
DA:36,4
DA:37,0
DA:38,0
DA:41,1
DA:42,2
DA:45,1
DA:46,5
DA:49,0
DA:51,0
DA:52,0
DA:54,1
DA:55,1
DA:56,0
DA:57,0
DA:61,1
DA:62,3
DA:64,5
DA:65,1
DA:66,10
DA:69,1
DA:70,1
DA:72,1
DA:73,2
DA:75,3
DA:76,3
DA:78,1
DA:79,1
DA:81,5
DA:83,2
DA:84,1
DA:88,2
DA:90,0
DA:91,0
DA:93,0
DA:94,0
DA:96,0
DA:97,0
DA:99,0
DA:101,0
DA:103,3
DA:108,1
DA:115,1
DA:117,1
DA:118,1
DA:119,1
DA:120,2
DA:121,1
LF:57
LH:42
end_of_record
SF:lib\screens\home_timer_controller.dart
DA:15,1
DA:37,0
DA:38,4
DA:40,0
DA:42,1
DA:43,1
DA:44,1
DA:45,1
DA:46,5
DA:49,1
DA:50,1
DA:51,1
DA:54,0
DA:55,0
DA:56,0
DA:59,1
DA:60,2
DA:62,2
DA:63,1
DA:67,2
DA:69,0
DA:70,0
DA:74,0
DA:75,0
DA:76,0
DA:77,0
DA:78,0
DA:82,1
DA:83,1
DA:84,1
DA:85,1
DA:86,1
DA:89,0
DA:93,0
DA:95,0
DA:96,0
DA:97,0
DA:98,0
DA:99,0
DA:103,0
DA:104,0
DA:105,0
DA:106,0
DA:107,0
DA:108,0
DA:109,0
DA:110,0
DA:113,0
DA:114,0
DA:115,0
DA:116,0
DA:118,0
DA:119,0
DA:120,0
DA:123,0
DA:124,0
DA:125,0
DA:128,0
DA:129,0
DA:130,0
DA:132,0
DA:133,0
DA:134,0
DA:138,0
DA:141,0
DA:142,0
DA:143,0
DA:144,0
DA:148,0
DA:149,0
DA:150,0
DA:151,0
DA:152,0
DA:153,0
DA:156,0
DA:157,0
DA:158,0
DA:159,0
DA:160,0
DA:161,0
DA:162,0
DA:165,0
DA:166,0
DA:167,0
DA:168,0
DA:170,0
DA:171,0
DA:172,0
DA:174,0
DA:177,0
DA:178,0
DA:180,0
DA:181,0
DA:182,0
DA:183,0
DA:186,0
DA:188,0
DA:189,0
DA:192,0
DA:193,0
DA:196,0
DA:197,0
DA:198,0
DA:199,0
DA:202,0
DA:203,0
DA:210,0
DA:213,0
DA:214,0
DA:217,0
DA:218,0
DA:219,0
DA:220,0
DA:224,0
DA:225,0
DA:228,0
DA:229,0
DA:235,0
DA:236,0
DA:238,0
DA:241,0
DA:242,0
DA:245,0
DA:246,0
DA:252,0
DA:255,0
DA:256,0
DA:257,0
DA:260,0
DA:261,0
DA:266,1
DA:268,1
DA:269,1
LF:133
LH:23
end_of_record
SF:lib\ui\rings_timer_button.dart
DA:13,1
DA:22,1
DA:23,1
DA:45,1
DA:47,1
DA:50,2
DA:54,3
DA:55,2
DA:57,3
DA:58,2
DA:62,2
DA:66,3
DA:67,2
DA:69,3
DA:70,2
DA:74,2
DA:78,3
DA:79,2
DA:83,2
DA:87,3
DA:88,2
DA:91,3
DA:94,0
DA:96,0
DA:97,0
DA:98,0
DA:102,1
DA:104,2
DA:105,2
DA:106,2
DA:107,2
DA:110,1
DA:112,2
DA:113,2
DA:114,2
DA:115,2
DA:118,0
DA:120,0
DA:121,0
DA:125,0
DA:127,0
DA:130,0
DA:132,0
DA:135,0
DA:137,0
DA:139,0
DA:140,0
DA:141,0
DA:149,1
DA:151,2
DA:152,2
DA:153,2
DA:154,2
DA:155,1
DA:158,1
DA:160,1
DA:161,1
DA:163,1
DA:164,2
DA:165,2
DA:166,1
DA:169,1
DA:171,1
DA:173,1
DA:174,2
DA:175,1
DA:176,1
DA:177,1
DA:178,1
DA:180,1
DA:185,2
DA:186,0
DA:187,0
DA:191,3
DA:192,0
DA:193,0
DA:197,3
DA:198,0
DA:199,0
DA:200,0
DA:204,1
DA:206,1
DA:208,1
DA:209,1
DA:210,1
DA:211,2
DA:212,2
DA:213,2
DA:214,2
DA:222,1
DA:223,2
DA:224,4
DA:244,1
DA:251,1
DA:253,5
DA:254,3
DA:263,2
DA:264,1
DA:267,1
DA:270,1
DA:280,1
DA:281,1
DA:282,1
DA:284,0
DA:286,0
DA:288,0
DA:289,0
DA:291,0
DA:293,0
DA:294,0
DA:296,0
DA:301,1
DA:308,1
DA:309,3
DA:310,1
DA:311,1
DA:312,1
DA:315,1
DA:318,2
DA:319,0
DA:320,0
DA:321,0
DA:322,0
DA:323,0
DA:325,0
DA:326,0
DA:327,0
DA:329,0
DA:333,0
DA:335,0
DA:336,0
DA:337,0
DA:338,0
LF:133
LH:88
end_of_record
SF:lib\widgets\control_panel.dart
DA:8,0
DA:27,0
DA:28,0
DA:38,0
DA:40,0
DA:41,0
DA:42,0
DA:43,0
DA:44,0
DA:47,0
DA:49,0
DA:50,0
DA:53,0
DA:54,0
DA:55,0
DA:58,0
DA:59,0
DA:60,0
DA:63,0
DA:65,0
DA:66,0
DA:67,0
DA:69,0
DA:70,0
DA:71,0
DA:72,0
DA:73,0
DA:74,0
DA:76,0
DA:78,0
DA:80,0
DA:81,0
DA:82,0
DA:83,0
DA:85,0
DA:88,0
DA:90,0
DA:91,0
DA:95,0
DA:96,0
DA:97,0
DA:100,0
DA:102,0
DA:103,0
DA:104,0
DA:105,0
DA:107,0
DA:109,0
DA:110,0
DA:111,0
DA:112,0
DA:113,0
DA:117,0
DA:119,0
DA:120,0
DA:121,0
DA:122,0
DA:123,0
DA:136,0
DA:154,0
DA:156,0
DA:157,0
DA:158,0
DA:159,0
DA:160,0
DA:161,0
DA:162,0
DA:168,0
DA:169,0
DA:171,0
DA:172,0
DA:173,0
DA:174,0
DA:175,0
DA:177,0
DA:178,0
DA:179,0
DA:183,0
DA:184,0
DA:186,0
DA:187,0
DA:189,0
DA:190,0
DA:193,0
DA:194,0
DA:195,0
DA:196,0
DA:197,0
DA:199,0
DA:202,0
DA:203,0
DA:205,0
DA:206,0
DA:211,0
DA:212,0
DA:213,0
DA:215,0
DA:216,0
DA:221,0
DA:222,0
DA:225,0
DA:228,0
DA:229,0
DA:231,0
DA:232,0
DA:233,0
DA:235,0
DA:237,0
DA:238,0
DA:239,0
DA:242,0
DA:243,0
DA:244,0
DA:245,0
DA:246,0
DA:253,0
DA:254,0
DA:255,0
DA:256,0
DA:257,0
DA:267,0
DA:285,0
DA:287,0
DA:288,0
DA:290,0
DA:291,0
DA:292,0
DA:293,0
DA:294,0
DA:295,0
DA:297,0
DA:298,0
DA:299,0
DA:300,0
DA:302,0
DA:303,0
DA:304,0
DA:305,0
DA:306,0
DA:307,0
DA:309,0
DA:310,0
DA:311,0
DA:312,0
DA:321,0
DA:329,0
DA:331,0
DA:332,0
DA:333,0
DA:334,0
DA:335,0
DA:336,0
DA:347,0
DA:357,0
DA:359,0
DA:361,0
DA:362,0
DA:363,0
DA:365,0
DA:366,0
DA:367,0
DA:368,0
DA:369,0
DA:374,0
DA:387,0
DA:397,0
DA:399,0
DA:401,0
DA:402,0
DA:403,0
DA:404,0
DA:405,0
DA:407,0
DA:415,0
DA:427,0
DA:429,0
DA:430,0
DA:432,0
DA:434,0
DA:435,0
DA:436,0
DA:437,0
DA:439,0
DA:440,0
DA:441,0
DA:446,0
DA:447,0
DA:448,0
DA:449,0
DA:456,0
DA:461,0
DA:463,0
DA:466,0
DA:468,0
DA:469,0
DA:472,0
LF:196
LH:0
end_of_record
SF:lib\widgets\corner_icon_button.dart
DA:4,0
DA:17,0
DA:19,0
DA:20,0
DA:21,0
DA:22,0
DA:25,0
DA:27,0
DA:28,0
DA:29,0
DA:30,0
DA:31,0
LF:12
LH:0
end_of_record
SF:lib\services\_desktop_notification_handler.dart
DA:10,0
DA:12,0
DA:15,0
DA:16,0
DA:19,0
DA:23,0
DA:27,0
DA:34,0
DA:37,0
DA:46,0
DA:47,0
DA:48,0
DA:49,0
DA:58,0
DA:59,0
DA:60,0
DA:61,0
DA:70,0
DA:74,0
DA:75,0
DA:76,0
DA:78,0
DA:81,0
DA:89,0
DA:90,0
DA:93,0
DA:97,0
DA:103,0
DA:105,0
DA:106,0
DA:108,0
DA:109,0
LF:32
LH:0
end_of_record
SF:lib\services\_mobile_notification_handler.dart
DA:23,0
DA:25,0
DA:28,0
DA:29,0
DA:32,0
DA:34,0
DA:35,0
DA:37,0
DA:47,0
DA:58,0
DA:59,0
DA:61,0
DA:63,0
DA:65,0
DA:69,0
DA:70,0
DA:73,0
DA:74,0
DA:75,0
DA:77,0
DA:78,0
DA:79,0
DA:80,0
DA:82,0
DA:85,0
DA:89,0
DA:96,0
DA:99,0
DA:110,0
DA:111,0
DA:112,0
DA:113,0
DA:122,0
DA:123,0
DA:124,0
DA:125,0
DA:134,0
DA:138,0
DA:139,0
DA:141,0
DA:142,0
DA:145,0
DA:149,0
DA:156,0
DA:158,0
DA:162,0
DA:165,0
DA:169,0
DA:177,0
DA:179,0
DA:183,0
DA:184,0
DA:191,0
DA:195,0
DA:196,0
DA:204,0
LF:56
LH:0
end_of_record
SF:lib\models\day_usage.dart
DA:2,1
LF:1
LH:1
end_of_record
